<?xml version="1.0" encoding="UTF-8"?>
<!-- Generated by org.testng.reporters.JUnitReportReporter -->
<testsuite hostname="sagarw-VAIO" name="ssda_test.customer.TC07_CustOrderListFiltersValidationTest" tests="5" failures="0" timestamp="30 Jan 2021 14:30:09 GMT" time="39.174" errors="0">
  <testcase name="testSearchByDeliveryDateFilter" time="0.650" classname="ssda_test.customer.TC07_CustOrderListFiltersValidationTest"/>
  <testcase name="testSearchByOrderNumberFilter" time="0.800" classname="ssda_test.customer.TC07_CustOrderListFiltersValidationTest"/>
  <testcase name="testOrdersDisplayedPerPageFilter" time="0.851" classname="ssda_test.customer.TC07_CustOrderListFiltersValidationTest"/>
  <testcase name="testCustomerOrdersDisplayedonOrderListPage" time="28.168" classname="ssda_test.customer.TC07_CustOrderListFiltersValidationTest"/>
  <testcase name="testSearchByOrderStatusFilter" time="8.705" classname="ssda_test.customer.TC07_CustOrderListFiltersValidationTest"/>
</testsuite> <!-- ssda_test.customer.TC07_CustOrderListFiltersValidationTest -->
