<?xml version="1.0" encoding="UTF-8"?>
<!-- Generated by org.testng.reporters.JUnitReportReporter -->
<testsuite hostname="sagarw-VAIO" name="ssda_test.customer.TC01_CustLoginTest" tests="5" failures="0" timestamp="30 Jan 2021 14:30:09 GMT" time="82.056" errors="0">
  <testcase name="testCustomerLoginWithInvalidCredentials" time="8.996" classname="ssda_test.customer.TC01_CustLoginTest"/>
  <testcase name="testWithMobileNumberContainsAlphabets" time="2.010" classname="ssda_test.customer.TC01_CustLoginTest"/>
  <testcase name="testWithMobileNumberLessThanTenDigits" time="61.090" classname="ssda_test.customer.TC01_CustLoginTest"/>
  <testcase name="testCustomerLoginWithValidCredentials" time="7.480" classname="ssda_test.customer.TC01_CustLoginTest"/>
  <testcase name="testWithMobileNumberMoreThanTenDigits" time="2.480" classname="ssda_test.customer.TC01_CustLoginTest"/>
</testsuite> <!-- ssda_test.customer.TC01_CustLoginTest -->
