<?xml version="1.0" encoding="UTF-8"?>
<!-- Generated by org.testng.reporters.JUnitReportReporter -->
<testsuite hostname="sagarw-VAIO" name="ssda_test.CustHomePageTest" tests="6" failures="0" timestamp="9 Jan 2021 08:07:21 GMT" time="18.156" errors="0">
  <testcase name="testDeleteItemFromCart" time="0.298" classname="ssda_test.CustHomePageTest"/>
  <testcase name="testProductDetailsInCart" time="0.236" classname="ssda_test.CustHomePageTest"/>
  <testcase name="testTotalAmountPayable" time="0.068" classname="ssda_test.CustHomePageTest"/>
  <testcase name="testAddToCartButtonVisibility" time="10.153" classname="ssda_test.CustHomePageTest"/>
  <testcase name="testAddToCartFeature" time="0.948" classname="ssda_test.CustHomePageTest"/>
  <testcase name="testCheckoutButtonWithEmptyCart" time="6.453" classname="ssda_test.CustHomePageTest"/>
</testsuite> <!-- ssda_test.CustHomePageTest -->
