<?xml version="1.0" encoding="UTF-8"?>
<!-- Generated by org.testng.reporters.JUnitReportReporter -->
<testsuite hostname="sagarw-VAIO" name="ssda_test.customer.TC05_CustOrderDetailsTest" tests="3" failures="0" timestamp="17 Jan 2021 11:54:05 GMT" time="55.808" errors="0">
  <testcase name="testOrderDetailsonOrderListPage" time="0.095" classname="ssda_test.customer.TC05_CustOrderDetailsTest"/>
  <testcase name="testOrderDetailsinOrderWindow" time="3.914" classname="ssda_test.customer.TC05_CustOrderDetailsTest"/>
  <testcase name="testCustomerOrderDisplayedonOrderListPage" time="51.799" classname="ssda_test.customer.TC05_CustOrderDetailsTest"/>
</testsuite> <!-- ssda_test.customer.TC05_CustOrderDetailsTest -->
