<?xml version="1.0" encoding="UTF-8"?>
<!-- Generated by org.testng.reporters.JUnitReportReporter -->
<testsuite hostname="sagarw-VAIO" name="ssda_test.customer.TC05_CustSelectTimeslotTest" tests="3" failures="0" timestamp="26 Jan 2021 14:12:24 GMT" time="28.706" errors="0">
  <testcase name="testSelectTimeslotForDeliveryClickCancel" time="5.776" classname="ssda_test.customer.TC05_CustSelectTimeslotTest"/>
  <testcase name="testAddToCartClickCheckoutButton" time="18.933" classname="ssda_test.customer.TC05_CustSelectTimeslotTest"/>
  <testcase name="testDontSelectTimeslotClickSubmit" time="3.997" classname="ssda_test.customer.TC05_CustSelectTimeslotTest"/>
</testsuite> <!-- ssda_test.customer.TC05_CustSelectTimeslotTest -->
