<?xml version="1.0" encoding="UTF-8"?>
<!-- Generated by org.testng.reporters.JUnitReportReporter -->
<testsuite hostname="sagarw-VAIO" name="ssda_test.customer.TC02_CustProductListTableValidationTest" tests="6" failures="0" timestamp="26 Jan 2021 14:12:24 GMT" time="56.427" errors="0">
  <testcase name="testQuantityDropdownForOnlyOnePerOrderProduct" time="1.118" classname="ssda_test.customer.TC02_CustProductListTableValidationTest"/>
  <testcase name="testAddtoCartButtonDisplayedAsPerInventory" time="2.844" classname="ssda_test.customer.TC02_CustProductListTableValidationTest"/>
  <testcase name="testSearchProductFunctionality" time="12.081" classname="ssda_test.customer.TC02_CustProductListTableValidationTest"/>
  <testcase name="testCheckoutButtonWithEmptyCart" time="21.110" classname="ssda_test.customer.TC02_CustProductListTableValidationTest"/>
  <testcase name="testDefaultSelectedQuantityofProduct" time="0.328" classname="ssda_test.customer.TC02_CustProductListTableValidationTest"/>
  <testcase name="testItemsDisplayedPerPage" time="18.946" classname="ssda_test.customer.TC02_CustProductListTableValidationTest"/>
</testsuite> <!-- ssda_test.customer.TC02_CustProductListTableValidationTest -->
