<?xml version="1.0" encoding="UTF-8"?>
<!-- Generated by org.testng.reporters.JUnitReportReporter -->
<testsuite hostname="sagarw-VAIO" name="ssda_test.customer.TC01_CustLoginTest" tests="5" failures="0" timestamp="26 Jan 2021 14:12:24 GMT" time="101.828" errors="0">
  <testcase name="testWithMobileNumberLessThanTenDigits" time="77.271" classname="ssda_test.customer.TC01_CustLoginTest"/>
  <testcase name="testWithMobileNumberContainsAlphabets" time="2.299" classname="ssda_test.customer.TC01_CustLoginTest"/>
  <testcase name="testCustomerLoginWithValidCredentials" time="13.907" classname="ssda_test.customer.TC01_CustLoginTest"/>
  <testcase name="testCustomerLoginWithInvalidCredentials" time="5.840" classname="ssda_test.customer.TC01_CustLoginTest"/>
  <testcase name="testWithMobileNumberMoreThanTenDigits" time="2.511" classname="ssda_test.customer.TC01_CustLoginTest"/>
</testsuite> <!-- ssda_test.customer.TC01_CustLoginTest -->
