<?xml version="1.0" encoding="UTF-8"?>
<!-- Generated by org.testng.reporters.JUnitReportReporter -->
<testsuite hostname="sagarw-VAIO" name="ssda_test.customer.TC05_CustSelectTimeslotPlaceOrderTest" tests="4" failures="0" timestamp="18 Jan 2021 13:10:37 GMT" time="34.654" errors="0">
  <testcase name="testSelectTimeslotForDeliveryClickSubmit" time="10.167" classname="ssda_test.customer.TC05_CustSelectTimeslotPlaceOrderTest"/>
  <testcase name="testAddToCartClickCheckoutButton" time="16.576" classname="ssda_test.customer.TC05_CustSelectTimeslotPlaceOrderTest"/>
  <testcase name="testDontSelectTimeslotClickSubmit" time="2.084" classname="ssda_test.customer.TC05_CustSelectTimeslotPlaceOrderTest"/>
  <testcase name="testSelectTimeslotForDeliveryClickCancel" time="5.827" classname="ssda_test.customer.TC05_CustSelectTimeslotPlaceOrderTest"/>
</testsuite> <!-- ssda_test.customer.TC05_CustSelectTimeslotPlaceOrderTest -->
