<?xml version="1.0" encoding="UTF-8"?>
<!-- Generated by org.testng.reporters.JUnitReportReporter -->
<testsuite hostname="sagarw-VAIO" name="ssda_test.customer.TC04_CustOrderDetailsTest" tests="1" failures="0" timestamp="11 Jan 2021 10:33:43 GMT" time="41.210" errors="0">
  <testcase name="testPlaceCustomerOrder" time="41.210" classname="ssda_test.customer.TC04_CustOrderDetailsTest"/>
</testsuite> <!-- ssda_test.customer.TC04_CustOrderDetailsTest -->
