<?xml version="1.0" encoding="UTF-8"?>
<!-- Generated by org.testng.reporters.JUnitReportReporter -->
<testsuite hostname="sagarw-VAIO" name="ssda_test.customer.TC03_CustAddtoCartTest" tests="5" failures="0" timestamp="17 Jan 2021 11:45:00 GMT" time="30.539" errors="0">
  <testcase name="testProductDetailsAddedInCart" time="0.144" classname="ssda_test.customer.TC03_CustAddtoCartTest"/>
  <testcase name="testDeleteItemFromCart" time="5.691" classname="ssda_test.customer.TC03_CustAddtoCartTest"/>
  <testcase name="testAddToCartFeature" time="18.757" classname="ssda_test.customer.TC03_CustAddtoCartTest"/>
  <testcase name="testAddProductWithSameQuantity" time="5.899" classname="ssda_test.customer.TC03_CustAddtoCartTest"/>
  <testcase name="testTotalAmountPayable" time="0.048" classname="ssda_test.customer.TC03_CustAddtoCartTest"/>
</testsuite> <!-- ssda_test.customer.TC03_CustAddtoCartTest -->
