<?xml version="1.0" encoding="UTF-8"?>
<!-- Generated by org.testng.reporters.JUnitReportReporter -->
<testsuite hostname="sagarw-VAIO" name="ssda_test.customer.TC06_CustPlaceOrderVerifyOrderDetailsTest" tests="4" failures="0" timestamp="26 Jan 2021 14:12:24 GMT" time="65.104" errors="0">
  <testcase name="testOrderDetailsonOrderListPage" time="0.064" classname="ssda_test.customer.TC06_CustPlaceOrderVerifyOrderDetailsTest"/>
  <testcase name="testOrderDetailsinOrderDetailsWindow" time="4.435" classname="ssda_test.customer.TC06_CustPlaceOrderVerifyOrderDetailsTest"/>
  <testcase name="testSelectTimeslotForDeliveryClickSubmit" time="41.177" classname="ssda_test.customer.TC06_CustPlaceOrderVerifyOrderDetailsTest"/>
  <testcase name="testCustomerOrderDisplayedonOrderListPage" time="19.428" classname="ssda_test.customer.TC06_CustPlaceOrderVerifyOrderDetailsTest"/>
</testsuite> <!-- ssda_test.customer.TC06_CustPlaceOrderVerifyOrderDetailsTest -->
