<?xml version="1.0" encoding="UTF-8"?>
<!-- Generated by org.testng.reporters.JUnitReportReporter -->
<testsuite hostname="sagarw-VAIO" name="ssda_test.LoginPageTest" tests="4" failures="0" timestamp="6 Jan 2021 07:22:11 GMT" time="17.882" errors="0">
  <testcase name="testWithMobileMoreThanTenDigits" time="1.732" classname="ssda_test.LoginPageTest"/>
  <testcase name="testWithMobileLessThanTenDigits" time="7.449" classname="ssda_test.LoginPageTest"/>
  <testcase name="testCustomerLoginWithValidCredentials" time="6.083" classname="ssda_test.LoginPageTest"/>
  <testcase name="testCustomerLoginWithInvalidCredentials" time="2.618" classname="ssda_test.LoginPageTest"/>
</testsuite> <!-- ssda_test.LoginPageTest -->
