<?xml version="1.0" encoding="UTF-8"?>
<!-- Generated by org.testng.reporters.JUnitReportReporter -->
<testsuite hostname="sagarw-VAIO" name="ssda_test.customer.TC05_Verifyfilters" tests="1" failures="0" timestamp="15 Jan 2021 07:26:44 GMT" time="0.005" errors="0">
  <testcase name="testCustomerOrderDisplayedonOrderListPage" time="0.005" classname="ssda_test.customer.TC05_Verifyfilters"/>
</testsuite> <!-- ssda_test.customer.TC05_Verifyfilters -->
