<?xml version="1.0" encoding="UTF-8"?>
<!-- Generated by org.testng.reporters.JUnitReportReporter -->
<testsuite hostname="sagarw-VAIO" name="ssda_test.customer.TC06_CustPlaceOrderVerifyOrderDetailsTest" tests="4" failures="0" timestamp="30 Jan 2021 14:30:09 GMT" time="71.203" errors="0">
  <testcase name="testCustomerOrderDisplayedonOrderListPage" time="13.687" classname="ssda_test.customer.TC06_CustPlaceOrderVerifyOrderDetailsTest"/>
  <testcase name="testOrderDetailsonOrderListPage" time="0.138" classname="ssda_test.customer.TC06_CustPlaceOrderVerifyOrderDetailsTest"/>
  <testcase name="testSelectTimeslotForDeliveryClickSubmit" time="54.396" classname="ssda_test.customer.TC06_CustPlaceOrderVerifyOrderDetailsTest"/>
  <testcase name="testOrderDetailsinOrderDetailsWindow" time="2.982" classname="ssda_test.customer.TC06_CustPlaceOrderVerifyOrderDetailsTest"/>
</testsuite> <!-- ssda_test.customer.TC06_CustPlaceOrderVerifyOrderDetailsTest -->
