<?xml version="1.0" encoding="UTF-8"?>
<!-- Generated by org.testng.reporters.JUnitReportReporter -->
<testsuite hostname="sagarw-VAIO" name="ssda_test.ValidateHomePage" tests="1" failures="0" timestamp="3 Jan 2021 14:46:19 GMT" time="16.164" errors="0">
  <testcase name="basePageNavigation" time="16.164" classname="ssda_test.ValidateHomePage"/>
</testsuite> <!-- ssda_test.ValidateHomePage -->
