<?xml version="1.0" encoding="UTF-8"?>
<!-- Generated by org.testng.reporters.JUnitReportReporter -->
<testsuite hostname="sagarw-VAIO" name="ssda_test.admin.ValidateHomePage" tests="1" failures="0" timestamp="30 Jan 2021 14:30:09 GMT" time="29.482" errors="0">
  <testcase name="basePageNavigation" time="29.482" classname="ssda_test.admin.ValidateHomePage"/>
</testsuite> <!-- ssda_test.admin.ValidateHomePage -->
