<?xml version="1.0" encoding="UTF-8"?>
<!-- Generated by org.testng.reporters.JUnitReportReporter -->
<testsuite hostname="sagarw-VAIO" name="ssda_test.HomePage" tests="1" failures="0" timestamp="26 Dec 2020 13:27:16 GMT" time="25.871" errors="0">
  <testcase name="basePageNavigation" time="25.871" classname="ssda_test.HomePage"/>
</testsuite> <!-- ssda_test.HomePage -->
