<?xml version="1.0" encoding="UTF-8"?>
<!-- Generated by org.testng.reporters.JUnitReportReporter -->
<testsuite hostname="sagarw-VAIO" name="ssda_test.ValidateHomePage" tests="1" failures="0" timestamp="26 Dec 2020 17:25:06 GMT" time="113.941" errors="0">
  <testcase name="basePageNavigation" time="113.941" classname="ssda_test.ValidateHomePage"/>
</testsuite> <!-- ssda_test.ValidateHomePage -->
