<?xml version="1.0" encoding="UTF-8"?>
<!-- Generated by org.testng.reporters.JUnitReportReporter -->
<testsuite hostname="sagarw-VAIO" name="ssda_test.customer.TC04_CustSelectTimeslotPlaceOrderTest" tests="4" failures="0" timestamp="17 Jan 2021 11:52:14 GMT" time="36.073" errors="0">
  <testcase name="testAddToCartClickCheckoutButton" time="19.819" classname="ssda_test.customer.TC04_CustSelectTimeslotPlaceOrderTest"/>
  <testcase name="testSelectTimeslotForDeliveryClickSubmit" time="6.018" classname="ssda_test.customer.TC04_CustSelectTimeslotPlaceOrderTest"/>
  <testcase name="testDontSelectTimeslotClickSubmit" time="4.236" classname="ssda_test.customer.TC04_CustSelectTimeslotPlaceOrderTest"/>
  <testcase name="testSelectTimeslotForDeliveryClickCancel" time="6.000" classname="ssda_test.customer.TC04_CustSelectTimeslotPlaceOrderTest"/>
</testsuite> <!-- ssda_test.customer.TC04_CustSelectTimeslotPlaceOrderTest -->
