<?xml version="1.0" encoding="UTF-8"?>
<!-- Generated by org.testng.reporters.JUnitReportReporter -->
<testsuite hostname="sagarw-VAIO" name="ssda_test.customer.TC03_CustProductListFiltersValidationTest" tests="4" failures="0" timestamp="26 Jan 2021 14:12:24 GMT" time="28.818" errors="0">
  <testcase name="testCategoryFilters" time="4.896" classname="ssda_test.customer.TC03_CustProductListFiltersValidationTest"/>
  <testcase name="testGroupFilters" time="5.874" classname="ssda_test.customer.TC03_CustProductListFiltersValidationTest"/>
  <testcase name="testTotalItemsFoundMatcheswithItemsInPaginationFilter" time="14.179" classname="ssda_test.customer.TC03_CustProductListFiltersValidationTest"/>
  <testcase name="testClearAllFilters" time="3.869" classname="ssda_test.customer.TC03_CustProductListFiltersValidationTest"/>
</testsuite> <!-- ssda_test.customer.TC03_CustProductListFiltersValidationTest -->
