<?xml version="1.0" encoding="UTF-8"?>
<!-- Generated by org.testng.reporters.JUnitReportReporter -->
<testsuite hostname="sagarw-VAIO" name="ssda_test.customer.TC_CustSelectTimeslotPlaceOrderTest" tests="4" failures="0" timestamp="10 Jan 2021 12:25:00 GMT" time="33.000" errors="0">
  <testcase name="testSelectTimeslotForDeliveryClickCancel" time="5.841" classname="ssda_test.customer.TC_CustSelectTimeslotPlaceOrderTest"/>
  <testcase name="testAddToCartClickCheckoutButton" time="19.868" classname="ssda_test.customer.TC_CustSelectTimeslotPlaceOrderTest"/>
  <testcase name="testDontSelectTimeslotClickSubmit" time="1.198" classname="ssda_test.customer.TC_CustSelectTimeslotPlaceOrderTest"/>
  <testcase name="testSelectTimeslotForDeliveryClickSubmit" time="6.093" classname="ssda_test.customer.TC_CustSelectTimeslotPlaceOrderTest"/>
</testsuite> <!-- ssda_test.customer.TC_CustSelectTimeslotPlaceOrderTest -->
