<?xml version="1.0" encoding="UTF-8"?>
<!-- Generated by org.testng.reporters.JUnitReportReporter -->
<testsuite hostname="sagarw-VAIO" name="ssda_test.customer.TC05_CustSelectTimeslotTest" tests="3" failures="0" timestamp="30 Jan 2021 14:30:09 GMT" time="29.275" errors="0">
  <testcase name="testSelectTimeslotForDeliveryClickCancel" time="5.909" classname="ssda_test.customer.TC05_CustSelectTimeslotTest"/>
  <testcase name="testAddToCartClickCheckoutButton" time="18.599" classname="ssda_test.customer.TC05_CustSelectTimeslotTest"/>
  <testcase name="testDontSelectTimeslotClickSubmit" time="4.767" classname="ssda_test.customer.TC05_CustSelectTimeslotTest"/>
</testsuite> <!-- ssda_test.customer.TC05_CustSelectTimeslotTest -->
