<?xml version="1.0" encoding="UTF-8"?>
<!-- Generated by org.testng.reporters.JUnitReportReporter -->
<testsuite hostname="sagarw-VAIO" name="ssda_test.CustHomePageTest2" tests="4" failures="0" timestamp="10 Jan 2021 06:44:07 GMT" time="45.130" errors="0">
  <testcase name="testAddToCartClickCheckoutButton" time="24.086" classname="ssda_test.CustHomePageTest2"/>
  <testcase name="testSelectTimeslotForDeliveryClickCancel" time="5.816" classname="ssda_test.CustHomePageTest2"/>
  <testcase name="testSelectTimeslotForDeliveryClickSubmit" time="11.169" classname="ssda_test.CustHomePageTest2"/>
  <testcase name="testDontSelectTimeslotClickSubmit" time="4.059" classname="ssda_test.CustHomePageTest2"/>
</testsuite> <!-- ssda_test.CustHomePageTest2 -->
