<?xml version="1.0" encoding="UTF-8"?>
<!-- Generated by org.testng.reporters.JUnitReportReporter -->
<testsuite hostname="sagarw-VAIO" name="ssda_test.customer.TC02_CustProductListPageValidationTest" tests="5" failures="0" timestamp="18 Jan 2021 12:42:05 GMT" time="32.941" errors="0">
  <testcase name="testCategoryFilters" time="9.688" classname="ssda_test.customer.TC02_CustProductListPageValidationTest"/>
  <testcase name="testCheckoutButtonWithEmptyCart" time="16.134" classname="ssda_test.customer.TC02_CustProductListPageValidationTest"/>
  <testcase name="testClearAllFilters" time="4.324" classname="ssda_test.customer.TC02_CustProductListPageValidationTest"/>
  <testcase name="testGroupFilters" time="2.674" classname="ssda_test.customer.TC02_CustProductListPageValidationTest"/>
  <testcase name="testTotalItemsFoundMatcheswithItemsInPaginationFilter" time="0.121" classname="ssda_test.customer.TC02_CustProductListPageValidationTest"/>
</testsuite> <!-- ssda_test.customer.TC02_CustProductListPageValidationTest -->
