<?xml version="1.0" encoding="UTF-8"?>
<!-- Generated by org.testng.reporters.JUnitReportReporter -->
<testsuite hostname="sagarw-VAIO" name="ssda_test.customer.TC02_CustAddtoCartTest" tests="3" failures="0" timestamp="16 Jan 2021 15:14:02 GMT" time="19.472" errors="0">
  <testcase name="testAddtoCartButtonAsPerInventory" time="2.124" classname="ssda_test.customer.TC02_CustAddtoCartTest"/>
  <testcase name="testItemsDisplayedPerPage" time="4.811" classname="ssda_test.customer.TC02_CustAddtoCartTest"/>
  <testcase name="testCheckoutButtonWithEmptyCart" time="12.537" classname="ssda_test.customer.TC02_CustAddtoCartTest"/>
</testsuite> <!-- ssda_test.customer.TC02_CustAddtoCartTest -->
