<?xml version="1.0" encoding="UTF-8"?>
<!-- Generated by org.testng.reporters.JUnitReportReporter -->
<testsuite hostname="sagarw-VAIO" name="ssda_test.admin.ValidateHomePage" tests="1" failures="0" timestamp="26 Jan 2021 14:12:24 GMT" time="67.031" errors="0">
  <testcase name="basePageNavigation" time="67.031" classname="ssda_test.admin.ValidateHomePage"/>
</testsuite> <!-- ssda_test.admin.ValidateHomePage -->
