<?xml version="1.0" encoding="UTF-8"?>
<!-- Generated by org.testng.reporters.JUnitReportReporter -->
<testsuite hostname="sagarw-VAIO" name="ssda_test.LoginPageTest" tests="1" failures="0" timestamp="26 Dec 2020 17:25:06 GMT" time="74.918" errors="0">
  <testcase name="basePageNavigation" time="74.918" classname="ssda_test.LoginPageTest"/>
</testsuite> <!-- ssda_test.LoginPageTest -->
