<?xml version="1.0" encoding="UTF-8"?>
<!-- Generated by org.testng.reporters.JUnitReportReporter -->
<testsuite hostname="sagarw-VAIO" name="ssda_test.customer.TC02_CustProductListPageValidationTest" tests="5" failures="0" timestamp="17 Jan 2021 11:43:55 GMT" time="36.306" errors="0">
  <testcase name="testAddtoCartButtonDisplayedAsPerInventory" time="1.978" classname="ssda_test.customer.TC02_CustProductListPageValidationTest"/>
  <testcase name="testDefaultSelectedQuantityofProduct" time="0.261" classname="ssda_test.customer.TC02_CustProductListPageValidationTest"/>
  <testcase name="testItemsDisplayedPerPage" time="6.492" classname="ssda_test.customer.TC02_CustProductListPageValidationTest"/>
  <testcase name="testSearchProductFunctionality" time="7.239" classname="ssda_test.customer.TC02_CustProductListPageValidationTest"/>
  <testcase name="testCheckoutButtonWithEmptyCart" time="20.336" classname="ssda_test.customer.TC02_CustProductListPageValidationTest"/>
</testsuite> <!-- ssda_test.customer.TC02_CustProductListPageValidationTest -->
