<?xml version="1.0" encoding="UTF-8"?>
<!-- Generated by org.testng.reporters.JUnitReportReporter -->
<testsuite hostname="sagarw-VAIO" name="ssda_test.customer.TC03_CustProductListFiltersValidationTest" tests="4" failures="0" timestamp="30 Jan 2021 14:30:09 GMT" time="6.430" errors="0">
  <testcase name="testCategoryFilters" time="1.964" classname="ssda_test.customer.TC03_CustProductListFiltersValidationTest"/>
  <testcase name="testTotalItemsFoundWithItemsInPaginationFilter" time="1.905" classname="ssda_test.customer.TC03_CustProductListFiltersValidationTest"/>
  <testcase name="testClearAllFilters" time="1.567" classname="ssda_test.customer.TC03_CustProductListFiltersValidationTest"/>
  <testcase name="testGroupFilters" time="0.994" classname="ssda_test.customer.TC03_CustProductListFiltersValidationTest"/>
</testsuite> <!-- ssda_test.customer.TC03_CustProductListFiltersValidationTest -->
