<?xml version="1.0" encoding="UTF-8"?>
<!-- Generated by org.testng.reporters.JUnitReportReporter -->
<testsuite hostname="sagarw-VAIO" name="ssda_test.customer.TC_CustLoginTest" tests="5" failures="0" timestamp="10 Jan 2021 12:25:00 GMT" time="27.502" errors="0">
  <testcase name="testWithMobileNumberLessThanTenDigits" time="13.940" classname="ssda_test.customer.TC_CustLoginTest"/>
  <testcase name="testWithMobileNumberContainsAlphabets" time="1.606" classname="ssda_test.customer.TC_CustLoginTest"/>
  <testcase name="testWithMobileNumberMoreThanTenDigits" time="1.665" classname="ssda_test.customer.TC_CustLoginTest"/>
  <testcase name="testCustomerLoginWithInvalidCredentials" time="2.303" classname="ssda_test.customer.TC_CustLoginTest"/>
  <testcase name="testCustomerLoginWithValidCredentials" time="7.988" classname="ssda_test.customer.TC_CustLoginTest"/>
</testsuite> <!-- ssda_test.customer.TC_CustLoginTest -->
