<?xml version="1.0" encoding="UTF-8"?>
<!-- Generated by org.testng.reporters.JUnitReportReporter -->
<testsuite hostname="sagarw-VAIO" name="ssda_test.customer.TC06_CustOrderDetailsTest" tests="3" failures="0" timestamp="18 Jan 2021 13:10:37 GMT" time="44.090" errors="0">
  <testcase name="testCustomerOrderDisplayedonOrderListPage" time="42.225" classname="ssda_test.customer.TC06_CustOrderDetailsTest"/>
  <testcase name="testOrderDetailsonOrderListPage" time="0.083" classname="ssda_test.customer.TC06_CustOrderDetailsTest"/>
  <testcase name="testOrderDetailsinOrderDetailsWindow" time="1.782" classname="ssda_test.customer.TC06_CustOrderDetailsTest"/>
</testsuite> <!-- ssda_test.customer.TC06_CustOrderDetailsTest -->
