<?xml version="1.0" encoding="UTF-8"?>
<!-- Generated by org.testng.reporters.JUnitReportReporter -->
<testsuite hostname="sagarw-VAIO" name="ssda_test.customer.TC03_CustSelectTimeslotPlaceOrderTest" tests="4" failures="0" timestamp="11 Jan 2021 10:33:43 GMT" time="34.355" errors="0">
  <testcase name="testSelectTimeslotForDeliveryClickCancel" time="5.765" classname="ssda_test.customer.TC03_CustSelectTimeslotPlaceOrderTest"/>
  <testcase name="testDontSelectTimeslotClickSubmit" time="1.477" classname="ssda_test.customer.TC03_CustSelectTimeslotPlaceOrderTest"/>
  <testcase name="testAddToCartClickCheckoutButton" time="19.521" classname="ssda_test.customer.TC03_CustSelectTimeslotPlaceOrderTest"/>
  <testcase name="testSelectTimeslotForDeliveryClickSubmit" time="7.592" classname="ssda_test.customer.TC03_CustSelectTimeslotPlaceOrderTest"/>
</testsuite> <!-- ssda_test.customer.TC03_CustSelectTimeslotPlaceOrderTest -->
