<?xml version="1.0" encoding="UTF-8"?>
<!-- Generated by org.testng.reporters.JUnitReportReporter -->
<testsuite hostname="sagarw-VAIO" name="ssda_test.customer.TC04_CustAddtoCartTest" tests="5" failures="0" timestamp="30 Jan 2021 14:30:09 GMT" time="39.499" errors="0">
  <testcase name="testProductDetailsAddedInCart" time="0.134" classname="ssda_test.customer.TC04_CustAddtoCartTest"/>
  <testcase name="testAddToCartFeature" time="27.596" classname="ssda_test.customer.TC04_CustAddtoCartTest"/>
  <testcase name="testAddProductWithSameQuantity" time="5.837" classname="ssda_test.customer.TC04_CustAddtoCartTest"/>
  <testcase name="testDeleteItemFromCart" time="5.891" classname="ssda_test.customer.TC04_CustAddtoCartTest"/>
  <testcase name="testTotalAmountPayable" time="0.041" classname="ssda_test.customer.TC04_CustAddtoCartTest"/>
</testsuite> <!-- ssda_test.customer.TC04_CustAddtoCartTest -->
