<?xml version="1.0" encoding="UTF-8"?>
<!-- Generated by org.testng.reporters.JUnitReportReporter -->
<testsuite hostname="sagarw-VAIO" name="ssda_test.customer.TC_CustOrderDetailsTest" tests="1" failures="0" timestamp="10 Jan 2021 12:25:00 GMT" time="42.874" errors="0">
  <testcase name="testPlaceCustomerOrder" time="42.874" classname="ssda_test.customer.TC_CustOrderDetailsTest"/>
</testsuite> <!-- ssda_test.customer.TC_CustOrderDetailsTest -->
