<?xml version="1.0" encoding="UTF-8"?>
<!-- Generated by org.testng.reporters.JUnitReportReporter -->
<testsuite hostname="sagarw-VAIO" name="ssda_test.customer.TC07_CustOrderListFiltersValidationTest" tests="4" failures="0" timestamp="21 Jan 2021 06:41:43 GMT" time="36.991" errors="0">
  <testcase name="testSearchByOrderStatusFilter" time="8.450" classname="ssda_test.customer.TC07_CustOrderListFiltersValidationTest"/>
  <testcase name="testSearchByOrderNumberFilter" time="0.671" classname="ssda_test.customer.TC07_CustOrderListFiltersValidationTest"/>
  <testcase name="testCustomerOrdersDisplayedonOrderListPage" time="27.130" classname="ssda_test.customer.TC07_CustOrderListFiltersValidationTest"/>
  <testcase name="testOrdersDisplayedPerPageFilter" time="0.740" classname="ssda_test.customer.TC07_CustOrderListFiltersValidationTest"/>
</testsuite> <!-- ssda_test.customer.TC07_CustOrderListFiltersValidationTest -->
