<?xml version="1.0" encoding="UTF-8"?>
<!-- Generated by org.testng.reporters.JUnitReportReporter -->
<testsuite hostname="sagarw-VAIO" name="ssda_test.CustHomePageTest" tests="3" failures="0" timestamp="4 Jan 2021 06:30:16 GMT" time="24.453" errors="0">
  <testcase name="testCheckoutButtonWithEmptyCart" time="8.348" classname="ssda_test.CustHomePageTest"/>
  <testcase name="testAddToCart" time="15.929" classname="ssda_test.CustHomePageTest"/>
  <testcase name="testCartItems" time="0.176" classname="ssda_test.CustHomePageTest"/>
</testsuite> <!-- ssda_test.CustHomePageTest -->
