<?xml version="1.0" encoding="UTF-8"?>
<!-- Generated by org.testng.reporters.JUnitReportReporter -->
<testsuite hostname="sagarw-VAIO" name="ssda_test.customer.TC01_CustLoginTest" tests="5" failures="0" timestamp="21 Jan 2021 06:41:43 GMT" time="74.524" errors="0">
  <testcase name="testWithMobileNumberMoreThanTenDigits" time="19.284" classname="ssda_test.customer.TC01_CustLoginTest"/>
  <testcase name="testCustomerLoginWithValidCredentials" time="18.385" classname="ssda_test.customer.TC01_CustLoginTest"/>
  <testcase name="testWithMobileNumberLessThanTenDigits" time="23.543" classname="ssda_test.customer.TC01_CustLoginTest"/>
  <testcase name="testWithMobileNumberContainsAlphabets" time="3.292" classname="ssda_test.customer.TC01_CustLoginTest"/>
  <testcase name="testCustomerLoginWithInvalidCredentials" time="10.020" classname="ssda_test.customer.TC01_CustLoginTest"/>
</testsuite> <!-- ssda_test.customer.TC01_CustLoginTest -->
