<?xml version="1.0" encoding="UTF-8"?>
<!-- Generated by org.testng.reporters.JUnitReportReporter -->
<testsuite hostname="sagarw-VAIO" name="ssda_test.ValidateHomePage" tests="1" failures="0" timestamp="4 Jan 2021 06:30:16 GMT" time="20.911" errors="0">
  <testcase name="basePageNavigation" time="20.911" classname="ssda_test.ValidateHomePage"/>
</testsuite> <!-- ssda_test.ValidateHomePage -->
