<?xml version="1.0" encoding="UTF-8"?>
<!-- Generated by org.testng.reporters.JUnitReportReporter -->
<testsuite hostname="sagarw-VAIO" name="ssda_test.ValidateHomePage" tests="1" failures="0" timestamp="27 Dec 2020 10:27:36 GMT" time="66.872" errors="0">
  <testcase name="basePageNavigation" time="66.872" classname="ssda_test.ValidateHomePage"/>
</testsuite> <!-- ssda_test.ValidateHomePage -->
