<?xml version="1.0" encoding="UTF-8"?>
<!-- Generated by org.testng.reporters.JUnitReportReporter -->
<testsuite hostname="sagarw-VAIO" name="ssda_test.admin.ValidateHomePage" tests="1" failures="0" timestamp="21 Jan 2021 06:41:43 GMT" time="17.940" errors="0">
  <testcase name="basePageNavigation" time="17.940" classname="ssda_test.admin.ValidateHomePage"/>
</testsuite> <!-- ssda_test.admin.ValidateHomePage -->
