<?xml version="1.0" encoding="UTF-8"?>
<!-- Generated by org.testng.reporters.JUnitReportReporter -->
<testsuite hostname="sagarw-VAIO" name="ssda_test.LoginPageTest" tests="2" failures="0" timestamp="4 Jan 2021 06:30:16 GMT" time="25.211" errors="0">
  <testcase name="testCustomerLoginWithValidCredentials" time="8.293" classname="ssda_test.LoginPageTest"/>
  <testcase name="testCustomerLoginWithInvalidCredentials" time="16.918" classname="ssda_test.LoginPageTest"/>
</testsuite> <!-- ssda_test.LoginPageTest -->
