<?xml version="1.0" encoding="UTF-8"?>
<!-- Generated by org.testng.reporters.JUnitReportReporter -->
<testsuite hostname="sagarw-VAIO" name="ssda_test.customer.TC03_CustProductListFiltersValidationTest" tests="4" failures="0" timestamp="21 Jan 2021 06:41:43 GMT" time="26.407" errors="0">
  <testcase name="testClearAllFilters" time="2.433" classname="ssda_test.customer.TC03_CustProductListFiltersValidationTest"/>
  <testcase name="testCategoryFilters" time="10.065" classname="ssda_test.customer.TC03_CustProductListFiltersValidationTest"/>
  <testcase name="testTotalItemsFoundMatcheswithItemsInPaginationFilter" time="12.115" classname="ssda_test.customer.TC03_CustProductListFiltersValidationTest"/>
  <testcase name="testGroupFilters" time="1.794" classname="ssda_test.customer.TC03_CustProductListFiltersValidationTest"/>
</testsuite> <!-- ssda_test.customer.TC03_CustProductListFiltersValidationTest -->
