<?xml version="1.0" encoding="UTF-8"?>
<!-- Generated by org.testng.reporters.JUnitReportReporter -->
<testsuite hostname="sagarw-VAIO" name="ssda_test.customer.TC05_CustSelectTimeslotTest" tests="3" failures="0" timestamp="21 Jan 2021 06:41:43 GMT" time="30.453" errors="0">
  <testcase name="testSelectTimeslotForDeliveryClickCancel" time="5.964" classname="ssda_test.customer.TC05_CustSelectTimeslotTest"/>
  <testcase name="testDontSelectTimeslotClickSubmit" time="11.200" classname="ssda_test.customer.TC05_CustSelectTimeslotTest"/>
  <testcase name="testAddToCartClickCheckoutButton" time="13.289" classname="ssda_test.customer.TC05_CustSelectTimeslotTest"/>
</testsuite> <!-- ssda_test.customer.TC05_CustSelectTimeslotTest -->
