<?xml version="1.0" encoding="UTF-8"?>
<!-- Generated by org.testng.reporters.JUnitReportReporter -->
<testsuite hostname="sagarw-VAIO" name="ssda_test.customer.TC02_CustProductListTableValidationTest" tests="6" failures="0" timestamp="21 Jan 2021 06:41:43 GMT" time="30.244" errors="0">
  <testcase name="testSearchProductFunctionality" time="5.535" classname="ssda_test.customer.TC02_CustProductListTableValidationTest"/>
  <testcase name="testCheckoutButtonWithEmptyCart" time="14.645" classname="ssda_test.customer.TC02_CustProductListTableValidationTest"/>
  <testcase name="testAddtoCartButtonDisplayedAsPerInventory" time="2.743" classname="ssda_test.customer.TC02_CustProductListTableValidationTest"/>
  <testcase name="testItemsDisplayedPerPage" time="5.958" classname="ssda_test.customer.TC02_CustProductListTableValidationTest"/>
  <testcase name="testQuantityDropdownForOnlyOnePerOrderProduct" time="0.925" classname="ssda_test.customer.TC02_CustProductListTableValidationTest"/>
  <testcase name="testDefaultSelectedQuantityofProduct" time="0.438" classname="ssda_test.customer.TC02_CustProductListTableValidationTest"/>
</testsuite> <!-- ssda_test.customer.TC02_CustProductListTableValidationTest -->
